CompileCommand: exclude com/intellij/openapi/vfs/impl/FilePartNodeRoot.trieDescend
Info  | RdCoroutineScope          | 20:JobScheduler FJ pool 5/7 | RdCoroutineHost overridden 
2023-01-19 09:52:44,210 [   2851]   WARN - #c.i.u.j.JBCefApp - JCEF: minimum supported CEF major version is 98, current is 89 (Use JBR bundled with the IDE)
2023-01-19 09:52:48,222 [   6863]   WARN - #c.i.o.a.i.ActionUpdater - 388 ms to grab EDT for BackAction#update@MainToolbar (com.intellij.ide.actions.BackAction)
2023-01-19 09:52:48,753 [   7394] SEVERE - #c.i.u.c.BoundedTaskExecutor - null
java.lang.IllegalArgumentException
	at java.base/jdk.internal.reflect.NativeConstructorAccessorImpl.newInstance0(Native Method)
	at java.base/jdk.internal.reflect.NativeConstructorAccessorImpl.newInstance(NativeConstructorAccessorImpl.java:62)
	at java.base/jdk.internal.reflect.DelegatingConstructorAccessorImpl.newInstance(DelegatingConstructorAccessorImpl.java:45)
	at java.base/java.lang.reflect.Constructor.newInstance(Constructor.java:490)
	at com.intellij.util.ReflectionUtil.createAsDataClass(ReflectionUtil.java:487)
	at com.intellij.util.ReflectionUtil.newInstance(ReflectionUtil.java:441)
	at com.intellij.util.ReflectionUtil.newInstance(ReflectionUtil.java:416)
	at com.intellij.util.xmlb.SkipDefaultValuesSerializationFilters.getDefaultValue(SkipDefaultValuesSerializationFilters.java:53)
	at com.intellij.util.xmlb.SkipDefaultValuesSerializationFilters.getDefaultBean(SkipDefaultValuesSerializationFilters.java:46)
	at com.intellij.util.xmlb.SkipDefaultValuesSerializationFilters.accepts(SkipDefaultValuesSerializationFilters.java:34)
	at com.intellij.util.xmlb.SerializationFilterBase.accepts(SerializationFilterBase.java:24)
	at com.intellij.configurationStore.XmlSerializerKt$doGetDefaultSerializationFilter$1.accepts(xmlSerializer.kt:33)
	at com.intellij.configurationStore.statistic.eventLog.ConfigurationStateExtractor.createOptionData(FeatureUsageSettingsEvents.kt:228)
	at com.intellij.configurationStore.statistic.eventLog.ConfigurationStateExtractor.extractOptionValue(FeatureUsageSettingsEvents.kt:178)
	at com.intellij.configurationStore.statistic.eventLog.ConfigurationStateExtractor.extract$intellij_platform_configurationStore_impl(FeatureUsageSettingsEvents.kt:162)
	at com.intellij.configurationStore.statistic.eventLog.FeatureUsageSettingsEventPrinter.logConfigurationState(FeatureUsageSettingsEvents.kt:103)
	at com.intellij.configurationStore.statistic.eventLog.FeatureUsageSettingsEvents$logConfigurationState$1.run(FeatureUsageSettingsEvents.kt:54)
	at com.intellij.util.concurrency.BoundedTaskExecutor.doRun(BoundedTaskExecutor.java:241)
	at com.intellij.util.concurrency.BoundedTaskExecutor.access$200(BoundedTaskExecutor.java:31)
	at com.intellij.util.concurrency.BoundedTaskExecutor$1.execute(BoundedTaskExecutor.java:214)
	at com.intellij.util.concurrency.BoundedTaskExecutor$1.run(BoundedTaskExecutor.java:206)
	at java.base/java.util.concurrent.ThreadPoolExecutor.runWorker(ThreadPoolExecutor.java:1128)
	at java.base/java.util.concurrent.ThreadPoolExecutor$Worker.run(ThreadPoolExecutor.java:628)
	at java.base/java.util.concurrent.Executors$PrivilegedThreadFactory$1$1.run(Executors.java:668)
	at java.base/java.util.concurrent.Executors$PrivilegedThreadFactory$1$1.run(Executors.java:665)
	at java.base/java.security.AccessController.doPrivileged(Native Method)
	at java.base/java.util.concurrent.Executors$PrivilegedThreadFactory$1.run(Executors.java:665)
	at java.base/java.lang.Thread.run(Thread.java:829)
2023-01-19 09:52:48,757 [   7398] SEVERE - #c.i.u.c.BoundedTaskExecutor - CLion 2022.2.4  Build #CL-222.4345.21
2023-01-19 09:52:48,757 [   7398] SEVERE - #c.i.u.c.BoundedTaskExecutor - JDK: 11.0.13-internal; VM: OpenJDK 64-Bit Server VM; Vendor: Oracle Corporation
2023-01-19 09:52:48,758 [   7399] SEVERE - #c.i.u.c.BoundedTaskExecutor - OS: Linux
2023-01-19 09:52:48,814 [   7455]   WARN - #c.i.o.a.i.ActionUpdater - 591 ms to grab EDT for CWMTelephonyGroup#update@MainToolbar (com.jetbrains.rd.platform.codeWithMe.telephony.CWMTelephonyGroup)
2023-01-19 09:52:49,039 [   7680]   WARN - #c.i.o.a.i.ActionUpdater - 333 ms to grab EDT for #update@EditorInspectionsToolbar (com.intellij.codeInsight.actions.ReaderModeActionProvider$createAction$1)
CompileCommand: exclude com/intellij/openapi/vfs/impl/FilePartNodeRoot.trieDescend
Info  | RdCoroutineScope          | 11:JobScheduler FJ pool 1/7 | RdCoroutineHost overridden 
2023-01-19 09:52:57,072 [   3071]   WARN - #c.i.u.j.JBCefApp - JCEF: minimum supported CEF major version is 98, current is 89 (Use JBR bundled with the IDE)
2023-01-19 09:53:04,242 [  10241]   WARN - #c.i.o.a.i.ActionUpdater - 1212 ms to grab EDT for HgCommitAndPushExecutorAction#update@ChangesView.CommitButtonsToolbar (org.zmlx.hg4idea.action.HgCommitAndPushExecutorAction)
2023-01-19 09:53:04,306 [  10305]   WARN - #c.i.o.a.i.ActionUpdater - 1061 ms to grab EDT for #update@EditorInspectionsToolbar (com.intellij.codeInsight.actions.ReaderModeActionProvider$createAction$1)
2023-01-19 09:53:05,416 [  11415]   WARN - #c.i.o.a.i.ActionUpdater - 1120 ms to grab EDT for CWMTelephonyGroup#update@NavBarToolbar (com.jetbrains.rd.platform.codeWithMe.telephony.CWMTelephonyGroup)
2023-01-19 09:53:05,426 [  11425]   WARN - #c.i.o.a.i.ActionUpdater - 1119 ms to grab EDT for TrafficLightAction#update@EditorInspectionsToolbar (com.intellij.openapi.editor.impl.EditorMarkupModelImpl$TrafficLightAction)
2023-01-19 09:53:28,965 [  34964]   WARN - #c.i.i.s.download - Shared indexes download was cancelled. Indexing has completed faster
2023-01-19 09:53:55,070 [  61069]   WARN - #c.i.u.x.Binding - no accessors for org.jetbrains.idea.perforce.perforce.ConnectionId
2023-01-19 09:56:29,947 [ 215946]   WARN - c.i.r.m.AetherClient - Failed to download 'reserved.recommenders:index::txt:0.0.0' from models (https://jb-dap-test.s3.eu-central-1.amazonaws.com/channels/2020.3/repositories/models, default, releases+snapshots)
org.eclipse.aether.resolution.ArtifactResolutionException: Could not transfer artifact reserved.recommenders:index:txt:0.0.0-SNAPSHOT from/to models (https://jb-dap-test.s3.eu-central-1.amazonaws.com/channels/2020.3/repositories/models): Network is unreachable (connect failed)
	at org.eclipse.aether.internal.impl.DefaultArtifactResolver.resolve(DefaultArtifactResolver.java:425)
	at org.eclipse.aether.internal.impl.DefaultArtifactResolver.resolveArtifacts(DefaultArtifactResolver.java:229)
	at org.eclipse.aether.internal.impl.DefaultArtifactResolver.resolveArtifact(DefaultArtifactResolver.java:207)
	at org.eclipse.aether.internal.impl.DefaultRepositorySystem.resolveArtifact(DefaultRepositorySystem.java:262)
	at com.intellij.recommenders.models.AetherClient.resolveInternal(AetherClient.java:175)
	at com.intellij.recommenders.models.AetherClient.resolve(AetherClient.java:153)
	at com.intellij.recommenders.models.AetherClient.resolve(AetherClient.java:137)
	at com.intellij.recommenders.models.AetherBasedModelsRepository.refresh(ModelsRepository.kt:47)
	at com.intellij.recommenders.models.PersistentMapModelsIndex.refresh(ModelsIndex.kt:103)
	at com.intellij.recommenders.models.ModelsIndexWithRefresh$scheduleIndexUpdatesJob$1.run(ModelsIndex.kt:165)
	at java.base/java.util.concurrent.Executors$RunnableAdapter.call(Executors.java:515)
	at java.base/java.util.concurrent.FutureTask.runAndReset(FutureTask.java:305)
	at com.intellij.util.concurrency.SchedulingWrapper$MyScheduledFutureTask.run(SchedulingWrapper.java:226)
	at java.base/java.util.concurrent.ThreadPoolExecutor.runWorker(ThreadPoolExecutor.java:1128)
	at java.base/java.util.concurrent.ThreadPoolExecutor$Worker.run(ThreadPoolExecutor.java:628)
	at java.base/java.util.concurrent.Executors$PrivilegedThreadFactory$1$1.run(Executors.java:668)
	at java.base/java.util.concurrent.Executors$PrivilegedThreadFactory$1$1.run(Executors.java:665)
	at java.base/java.security.AccessController.doPrivileged(Native Method)
	at java.base/java.util.concurrent.Executors$PrivilegedThreadFactory$1.run(Executors.java:665)
	at java.base/java.lang.Thread.run(Thread.java:829)
Caused by: org.eclipse.aether.transfer.ArtifactTransferException: Could not transfer artifact reserved.recommenders:index:txt:0.0.0-SNAPSHOT from/to models (https://jb-dap-test.s3.eu-central-1.amazonaws.com/channels/2020.3/repositories/models): Network is unreachable (connect failed)
	at org.eclipse.aether.connector.basic.ArtifactTransportListener.transferFailed(ArtifactTransportListener.java:52)
	at org.eclipse.aether.connector.basic.BasicRepositoryConnector$TaskRunner.run(BasicRepositoryConnector.java:368)
	at org.eclipse.aether.util.concurrency.RunnableErrorForwarder$1.run(RunnableErrorForwarder.java:75)
	at org.eclipse.aether.connector.basic.BasicRepositoryConnector$DirectExecutor.execute(BasicRepositoryConnector.java:642)
	at org.eclipse.aether.connector.basic.BasicRepositoryConnector.get(BasicRepositoryConnector.java:262)
	at org.eclipse.aether.internal.impl.DefaultArtifactResolver.performDownloads(DefaultArtifactResolver.java:514)
	at org.eclipse.aether.internal.impl.DefaultArtifactResolver.resolve(DefaultArtifactResolver.java:402)
	... 19 more
Caused by: java.net.ConnectException: Network is unreachable (connect failed)
	at java.base/java.net.PlainSocketImpl.socketConnect(Native Method)
	at java.base/java.net.AbstractPlainSocketImpl.doConnect(AbstractPlainSocketImpl.java:399)
	at java.base/java.net.AbstractPlainSocketImpl.connectToAddress(AbstractPlainSocketImpl.java:242)
	at java.base/java.net.AbstractPlainSocketImpl.connect(AbstractPlainSocketImpl.java:224)
	at java.base/java.net.SocksSocketImpl.connect(SocksSocketImpl.java:392)
	at java.base/java.net.Socket.connect(Socket.java:609)
	at org.apache.http.conn.ssl.SSLSocketFactory.connectSocket(SSLSocketFactory.java:543)
	at org.apache.http.conn.ssl.SSLSocketFactory.connectSocket(SSLSocketFactory.java:415)
	at org.apache.http.impl.conn.DefaultClientConnectionOperator.openConnection(DefaultClientConnectionOperator.java:180)
	at org.apache.http.impl.conn.ManagedClientConnectionImpl.open(ManagedClientConnectionImpl.java:326)
	at org.apache.http.impl.client.DefaultRequestDirector.tryConnect(DefaultRequestDirector.java:605)
	at org.apache.http.impl.client.DefaultRequestDirector.execute(DefaultRequestDirector.java:440)
	at org.apache.http.impl.client.AbstractHttpClient.doExecute(AbstractHttpClient.java:835)
	at org.apache.http.impl.client.CloseableHttpClient.execute(CloseableHttpClient.java:72)
	at org.apache.http.impl.client.CloseableHttpClient.execute(CloseableHttpClient.java:56)
	at org.apache.http.impl.client.DecompressingHttpClient.execute(DecompressingHttpClient.java:164)
	at org.eclipse.aether.transport.http.HttpTransporter.execute(HttpTransporter.java:296)
	at org.eclipse.aether.transport.http.HttpTransporter.implGet(HttpTransporter.java:252)
	at org.eclipse.aether.spi.connector.transport.AbstractTransporter.get(AbstractTransporter.java:68)
	at org.eclipse.aether.connector.basic.BasicRepositoryConnector$GetTaskRunner.runTask(BasicRepositoryConnector.java:456)
	at org.eclipse.aether.connector.basic.BasicRepositoryConnector$TaskRunner.run(BasicRepositoryConnector.java:363)
	... 24 more
2023-01-19 09:56:51,220 [ 237219]   WARN - c.i.r.m.AetherClient - Failed to download 'reserved.recommenders:index::txt:0.0.0' from models (https://jb-dap-test.s3.eu-central-1.amazonaws.com/repositories/java-in-house/statics/2021.3-EAP/intellij/0.4.1, default, releases+snapshots)
org.eclipse.aether.resolution.ArtifactResolutionException: Could not transfer artifact reserved.recommenders:index:txt:0.0.0-SNAPSHOT from/to models (https://jb-dap-test.s3.eu-central-1.amazonaws.com/repositories/java-in-house/statics/2021.3-EAP/intellij/0.4.1): Network is unreachable (connect failed)
	at org.eclipse.aether.internal.impl.DefaultArtifactResolver.resolve(DefaultArtifactResolver.java:425)
	at org.eclipse.aether.internal.impl.DefaultArtifactResolver.resolveArtifacts(DefaultArtifactResolver.java:229)
	at org.eclipse.aether.internal.impl.DefaultArtifactResolver.resolveArtifact(DefaultArtifactResolver.java:207)
	at org.eclipse.aether.internal.impl.DefaultRepositorySystem.resolveArtifact(DefaultRepositorySystem.java:262)
	at com.intellij.recommenders.models.AetherClient.resolveInternal(AetherClient.java:175)
	at com.intellij.recommenders.models.AetherClient.resolve(AetherClient.java:153)
	at com.intellij.recommenders.models.AetherClient.resolve(AetherClient.java:137)
	at com.intellij.recommenders.models.AetherBasedModelsRepository.refresh(ModelsRepository.kt:47)
	at com.intellij.recommenders.models.PersistentMapModelsIndex.refresh(ModelsIndex.kt:103)
	at com.intellij.recommenders.models.ModelsIndexWithRefresh$scheduleIndexUpdatesJob$1.run(ModelsIndex.kt:165)
	at java.base/java.util.concurrent.Executors$RunnableAdapter.call(Executors.java:515)
	at java.base/java.util.concurrent.FutureTask.runAndReset(FutureTask.java:305)
	at com.intellij.util.concurrency.SchedulingWrapper$MyScheduledFutureTask.run(SchedulingWrapper.java:226)
	at java.base/java.util.concurrent.ThreadPoolExecutor.runWorker(ThreadPoolExecutor.java:1128)
	at java.base/java.util.concurrent.ThreadPoolExecutor$Worker.run(ThreadPoolExecutor.java:628)
	at java.base/java.util.concurrent.Executors$PrivilegedThreadFactory$1$1.run(Executors.java:668)
	at java.base/java.util.concurrent.Executors$PrivilegedThreadFactory$1$1.run(Executors.java:665)
	at java.base/java.security.AccessController.doPrivileged(Native Method)
	at java.base/java.util.concurrent.Executors$PrivilegedThreadFactory$1.run(Executors.java:665)
	at java.base/java.lang.Thread.run(Thread.java:829)
Caused by: org.eclipse.aether.transfer.ArtifactTransferException: Could not transfer artifact reserved.recommenders:index:txt:0.0.0-SNAPSHOT from/to models (https://jb-dap-test.s3.eu-central-1.amazonaws.com/repositories/java-in-house/statics/2021.3-EAP/intellij/0.4.1): Network is unreachable (connect failed)
	at org.eclipse.aether.connector.basic.ArtifactTransportListener.transferFailed(ArtifactTransportListener.java:52)
	at org.eclipse.aether.connector.basic.BasicRepositoryConnector$TaskRunner.run(BasicRepositoryConnector.java:368)
	at org.eclipse.aether.util.concurrency.RunnableErrorForwarder$1.run(RunnableErrorForwarder.java:75)
	at org.eclipse.aether.connector.basic.BasicRepositoryConnector$DirectExecutor.execute(BasicRepositoryConnector.java:642)
	at org.eclipse.aether.connector.basic.BasicRepositoryConnector.get(BasicRepositoryConnector.java:262)
	at org.eclipse.aether.internal.impl.DefaultArtifactResolver.performDownloads(DefaultArtifactResolver.java:514)
	at org.eclipse.aether.internal.impl.DefaultArtifactResolver.resolve(DefaultArtifactResolver.java:402)
	... 19 more
Caused by: java.net.ConnectException: Network is unreachable (connect failed)
	at java.base/java.net.PlainSocketImpl.socketConnect(Native Method)
	at java.base/java.net.AbstractPlainSocketImpl.doConnect(AbstractPlainSocketImpl.java:399)
	at java.base/java.net.AbstractPlainSocketImpl.connectToAddress(AbstractPlainSocketImpl.java:242)
	at java.base/java.net.AbstractPlainSocketImpl.connect(AbstractPlainSocketImpl.java:224)
	at java.base/java.net.SocksSocketImpl.connect(SocksSocketImpl.java:392)
	at java.base/java.net.Socket.connect(Socket.java:609)
	at org.apache.http.conn.ssl.SSLSocketFactory.connectSocket(SSLSocketFactory.java:543)
	at org.apache.http.conn.ssl.SSLSocketFactory.connectSocket(SSLSocketFactory.java:415)
	at org.apache.http.impl.conn.DefaultClientConnectionOperator.openConnection(DefaultClientConnectionOperator.java:180)
	at org.apache.http.impl.conn.ManagedClientConnectionImpl.open(ManagedClientConnectionImpl.java:326)
	at org.apache.http.impl.client.DefaultRequestDirector.tryConnect(DefaultRequestDirector.java:605)
	at org.apache.http.impl.client.DefaultRequestDirector.execute(DefaultRequestDirector.java:440)
	at org.apache.http.impl.client.AbstractHttpClient.doExecute(AbstractHttpClient.java:835)
	at org.apache.http.impl.client.CloseableHttpClient.execute(CloseableHttpClient.java:72)
	at org.apache.http.impl.client.CloseableHttpClient.execute(CloseableHttpClient.java:56)
	at org.apache.http.impl.client.DecompressingHttpClient.execute(DecompressingHttpClient.java:164)
	at org.eclipse.aether.transport.http.HttpTransporter.execute(HttpTransporter.java:296)
	at org.eclipse.aether.transport.http.HttpTransporter.implGet(HttpTransporter.java:252)
	at org.eclipse.aether.spi.connector.transport.AbstractTransporter.get(AbstractTransporter.java:68)
	at org.eclipse.aether.connector.basic.BasicRepositoryConnector$GetTaskRunner.runTask(BasicRepositoryConnector.java:456)
	at org.eclipse.aether.connector.basic.BasicRepositoryConnector$TaskRunner.run(BasicRepositoryConnector.java:363)
	... 24 more
2023-01-19 09:59:09,187 [ 375186]   WARN - #c.i.o.o.e.ConfigurableExtensionPointUtil - ignore deprecated groupId: language for id: preferences.language.Kotlin.scripting
2023-01-19 10:10:34,239 [1060238]   WARN - #c.i.o.o.e.ConfigurableExtensionPointUtil - ignore deprecated groupId: language for id: preferences.language.Kotlin.scripting
2023-01-19 10:11:13,979 [1099978]   WARN - #c.i.o.o.e.ConfigurableExtensionPointUtil - ignore deprecated groupId: language for id: preferences.language.Kotlin.scripting
2023-01-19 10:12:11,652 [1157651]   WARN - #c.i.o.o.e.ConfigurableExtensionPointUtil - ignore deprecated groupId: language for id: preferences.language.Kotlin.scripting
2023-01-19 10:21:09,156 [1707797]   WARN - #c.i.u.x.Binding - no accessors for com.intellij.feedback.common.state.DontShowAgainFeedbackState
2023-01-19 10:52:34,037 [3580036]   WARN - #c.i.o.k.i.IdeKeyEventDispatcher - Action 'Go to Declaration or Usages' (class com.intellij.codeInsight.navigation.actions.GotoDeclarationAction) has become disabled in `beforeActionPerformedUpdate` right after successful `update`
2023-01-19 11:01:48,276 [4134275]   WARN - #c.i.o.a.i.ActionUpdater - 264 ms to grab EDT for ExpandAllAction#update@ToolwindowTitle (com.intellij.ide.actions.ExpandAllAction)
2023-01-19 11:01:48,276 [4134275]   WARN - #c.i.o.a.i.ActionUpdater - 264 ms to grab EDT for SpaceMainToolBarAction#update@NavBarToolbar (com.intellij.space.vcs.actions.SpaceMainToolBarAction)
2023-01-19 11:30:05,826 [5831825]   WARN - #c.i.u.x.Binding - no accessors for com.intellij.feedback.common.state.DontShowAgainFeedbackState
2023-01-19 13:24:31,559 [12697558] SEVERE - #c.i.u.c.AppDelayQueue - Error executing Delay: -1ms; org.jetbrains.idea.maven.server.MavenServerConnectorImpl$$Lambda$3681/0x00000001024c4040@484c580a backendExecutorService: BoundedExecutor(2) SHUTDOWN ; inProgress: 0; name: Maven connector pulling
java.util.concurrent.RejectedExecutionException: Already shutdown
	at com.intellij.util.concurrency.BoundedTaskExecutor.executeRaw(BoundedTaskExecutor.java:146)
	at com.intellij.util.concurrency.BoundedTaskExecutor.execute(BoundedTaskExecutor.java:141)
	at com.intellij.util.concurrency.SchedulingWrapper$MyScheduledFutureTask.executeMeInBackendExecutor(SchedulingWrapper.java:244)
	at com.intellij.util.concurrency.AppDelayQueue.lambda$new$0(AppDelayQueue.java:32)
	at java.base/java.lang.Thread.run(Thread.java:829)
2023-01-19 13:24:31,569 [12697568] SEVERE - #c.i.u.c.AppDelayQueue - IntelliJ IDEA 2022.2.3  Build #IU-222.4345.14
2023-01-19 13:24:31,576 [12697575] SEVERE - #c.i.u.c.AppDelayQueue - JDK: 11.0.13-internal; VM: OpenJDK 64-Bit Server VM; Vendor: Oracle Corporation
2023-01-19 13:24:31,576 [12697575] SEVERE - #c.i.u.c.AppDelayQueue - OS: Linux
